Tier config: {'max_oracle_calls': 100, 'seeds': [0], 'freq_log': 10, 'patience': 5}
Selected oracles: clintox
Selected algorithms: graph_ga, screening, smiles_ga, stoned, graph_mcts, moldqn, gpbo, reinvent, reinvent_selfies, mimosa, selfies_ga
Running tier=small oracle=clintox algorithm=graph_ga seed=0 output=oracle_benchmark_results/small/clintox/graph_ga/seed_0
10/100 | avg_top1: 0.997 | avg_top10: 0.774 | avg_top100: 0.774 | avg_sa: 3.235 | div: 0.881
20/100 | avg_top1: 0.998 | avg_top10: 0.967 | avg_top100: 0.816 | avg_sa: 3.164 | div: 0.885
30/100 | avg_top1: 0.999 | avg_top10: 0.992 | avg_top100: 0.841 | avg_sa: 3.225 | div: 0.878
40/100 | avg_top1: 0.999 | avg_top10: 0.994 | avg_top100: 0.841 | avg_sa: 3.113 | div: 0.874
50/100 | avg_top1: 0.999 | avg_top10: 0.994 | avg_top100: 0.840 | avg_sa: 2.971 | div: 0.873
60/100 | avg_top1: 0.999 | avg_top10: 0.995 | avg_top100: 0.844 | avg_sa: 2.993 | div: 0.870
70/100 | avg_top1: 0.999 | avg_top10: 0.995 | avg_top100: 0.847 | avg_sa: 3.012 | div: 0.870
80/100 | avg_top1: 0.999 | avg_top10: 0.996 | avg_top100: 0.845 | avg_sa: 2.988 | div: 0.872
90/100 | avg_top1: 0.999 | avg_top10: 0.997 | avg_top100: 0.856 | avg_sa: 3.006 | div: 0.873
100/100 | avg_top1: 0.999 | avg_top10: 0.997 | avg_top100: 0.849 | avg_sa: 2.975 | div: 0.870
Logging final results...
Saving molecules...
Running tier=small oracle=clintox algorithm=screening seed=0 output=oracle_benchmark_results/small/clintox/screening/seed_0
10/100 | avg_top1: 0.999 | avg_top10: 0.859 | avg_top100: 0.859 | avg_sa: 2.807 | div: 0.874
20/100 | avg_top1: 0.999 | avg_top10: 0.978 | avg_top100: 0.852 | avg_sa: 2.815 | div: 0.869
30/100 | avg_top1: 0.999 | avg_top10: 0.981 | avg_top100: 0.831 | avg_sa: 2.743 | div: 0.869
40/100 | avg_top1: 0.999 | avg_top10: 0.986 | avg_top100: 0.842 | avg_sa: 2.711 | div: 0.869
50/100 | avg_top1: 0.999 | avg_top10: 0.994 | avg_top100: 0.853 | avg_sa: 2.691 | div: 0.869
60/100 | avg_top1: 0.999 | avg_top10: 0.997 | avg_top100: 0.858 | avg_sa: 2.811 | div: 0.872
70/100 | avg_top1: 0.999 | avg_top10: 0.998 | avg_top100: 0.866 | avg_sa: 2.833 | div: 0.874
80/100 | avg_top1: 0.999 | avg_top10: 0.998 | avg_top100: 0.854 | avg_sa: 2.839 | div: 0.873
90/100 | avg_top1: 0.999 | avg_top10: 0.998 | avg_top100: 0.847 | avg_sa: 2.822 | div: 0.871
100/100 | avg_top1: 0.999 | avg_top10: 0.998 | avg_top100: 0.847 | avg_sa: 2.862 | div: 0.872
Logging final results...
Saving molecules...
Running tier=small oracle=clintox algorithm=smiles_ga seed=0 output=oracle_benchmark_results/small/clintox/smiles_ga/seed_0
10/100 | avg_top1: 0.997 | avg_top10: 0.774 | avg_top100: 0.774 | avg_sa: 3.235 | div: 0.881
20/100 | avg_top1: 0.998 | avg_top10: 0.967 | avg_top100: 0.816 | avg_sa: 3.164 | div: 0.885
30/100 | avg_top1: 0.999 | avg_top10: 0.992 | avg_top100: 0.841 | avg_sa: 3.225 | div: 0.878
40/100 | avg_top1: 0.999 | avg_top10: 0.994 | avg_top100: 0.841 | avg_sa: 3.113 | div: 0.874
50/100 | avg_top1: 0.999 | avg_top10: 0.994 | avg_top100: 0.840 | avg_sa: 2.971 | div: 0.873
60/100 | avg_top1: 0.999 | avg_top10: 0.995 | avg_top100: 0.851 | avg_sa: 3.106 | div: 0.872
70/100 | avg_top1: 0.999 | avg_top10: 0.995 | avg_top100: 0.856 | avg_sa: 3.212 | div: 0.870
80/100 | avg_top1: 0.999 | avg_top10: 0.996 | avg_top100: 0.851 | avg_sa: 3.280 | div: 0.870
90/100 | avg_top1: 0.999 | avg_top10: 0.996 | avg_top100: 0.850 | avg_sa: 3.325 | div: 0.873
100/100 | avg_top1: 0.999 | avg_top10: 0.997 | avg_top100: 0.860 | avg_sa: 3.446 | div: 0.874
Logging final results...
Saving molecules...
Running tier=small oracle=clintox algorithm=stoned seed=0 output=oracle_benchmark_results/small/clintox/stoned/seed_0
10/100 | avg_top1: 0.997 | avg_top10: 0.814 | avg_top100: 0.814 | avg_sa: 2.809 | div: 0.859
20/100 | avg_top1: 0.999 | avg_top10: 0.959 | avg_top100: 0.833 | avg_sa: 2.894 | div: 0.869
30/100 | avg_top1: 0.999 | avg_top10: 0.981 | avg_top100: 0.858 | avg_sa: 2.956 | div: 0.874
40/100 | avg_top1: 1.000 | avg_top10: 0.992 | avg_top100: 0.862 | avg_sa: 3.102 | div: 0.878
50/100 | avg_top1: 1.000 | avg_top10: 0.995 | avg_top100: 0.854 | avg_sa: 3.019 | div: 0.877
60/100 | avg_top1: 1.000 | avg_top10: 0.996 | avg_top100: 0.858 | avg_sa: 2.964 | div: 0.876
70/100 | avg_top1: 1.000 | avg_top10: 0.996 | avg_top100: 0.857 | avg_sa: 2.942 | div: 0.877
80/100 | avg_top1: 1.000 | avg_top10: 0.997 | avg_top100: 0.861 | avg_sa: 2.969 | div: 0.878
90/100 | avg_top1: 1.000 | avg_top10: 0.997 | avg_top100: 0.858 | avg_sa: 2.982 | div: 0.876
100/100 | avg_top1: 1.000 | avg_top10: 0.997 | avg_top100: 0.861 | avg_sa: 2.965 | div: 0.876
max oracle hit, abort ...... 
Logging final results...
Saving molecules...
Running tier=small oracle=clintox algorithm=graph_mcts seed=0 output=oracle_benchmark_results/small/clintox/graph_mcts/seed_0
10/100 | avg_top1: 1.000 | avg_top10: 0.997 | avg_top100: 0.997 | avg_sa: 1.948 | div: 0.923
20/100 | avg_top1: 1.000 | avg_top10: 0.999 | avg_top100: 0.993 | avg_sa: 2.132 | div: 0.860
30/100 | avg_top1: 1.000 | avg_top10: 0.999 | avg_top100: 0.989 | avg_sa: 2.332 | div: 0.860
40/100 | avg_top1: 1.000 | avg_top10: 0.999 | avg_top100: 0.985 | avg_sa: 2.591 | div: 0.879
50/100 | avg_top1: 1.000 | avg_top10: 1.000 | avg_top100: 0.986 | avg_sa: 2.485 | div: 0.874
60/100 | avg_top1: 1.000 | avg_top10: 1.000 | avg_top100: 0.980 | avg_sa: 2.703 | div: 0.884
70/100 | avg_top1: 1.000 | avg_top10: 1.000 | avg_top100: 0.975 | avg_sa: 2.892 | div: 0.888
80/100 | avg_top1: 1.000 | avg_top10: 1.000 | avg_top100: 0.973 | avg_sa: 2.934 | div: 0.892
90/100 | avg_top1: 1.000 | avg_top10: 1.000 | avg_top100: 0.974 | avg_sa: 3.001 | div: 0.897
100/100 | avg_top1: 1.000 | avg_top10: 1.000 | avg_top100: 0.973 | avg_sa: 3.164 | div: 0.901
Logging final results...
Saving molecules...
Running tier=small oracle=clintox algorithm=moldqn seed=0 output=oracle_benchmark_results/small/clintox/moldqn/seed_0
Using Device: cuda:0
Print Q function architecture:
MultiLayerNetwork(
  (dense): Sequential(
    (dense_1): Linear(in_features=1025, out_features=512, bias=True)
    (ReLU_1): ReLU()
    (Dropout_1): Dropout(p=0, inplace=False)
    (dense_2): NoisyLinear()
  )
)
10/100 | avg_top1: 0.998 | avg_top10: 0.933 | avg_top100: 0.933 | avg_sa: 4.751 | div: 0.899
20/100 | avg_top1: 0.998 | avg_top10: 0.955 | avg_top100: 0.891 | avg_sa: 4.990 | div: 0.894
30/100 | avg_top1: 0.998 | avg_top10: 0.974 | avg_top100: 0.880 | avg_sa: 5.431 | div: 0.889
40/100 | avg_top1: 0.998 | avg_top10: 0.980 | avg_top100: 0.859 | avg_sa: 5.534 | div: 0.887
50/100 | avg_top1: 0.998 | avg_top10: 0.987 | avg_top100: 0.879 | avg_sa: 5.298 | div: 0.906
60/100 | avg_top1: 0.998 | avg_top10: 0.987 | avg_top100: 0.876 | avg_sa: 5.286 | div: 0.907
70/100 | avg_top1: 0.998 | avg_top10: 0.987 | avg_top100: 0.879 | avg_sa: 5.158 | div: 0.910
80/100 | avg_top1: 1.000 | avg_top10: 0.990 | avg_top100: 0.887 | avg_sa: 5.070 | div: 0.910
90/100 | avg_top1: 1.000 | avg_top10: 0.991 | avg_top100: 0.884 | avg_sa: 5.006 | div: 0.916
100/100 | avg_top1: 1.000 | avg_top10: 0.994 | avg_top100: 0.894 | avg_sa: 4.881 | div: 0.921
max oracle hit... abort!
Logging final results...
Saving molecules...
Running tier=small oracle=clintox algorithm=gpbo seed=0 output=oracle_benchmark_results/small/clintox/gpbo/seed_0
10/100 | avg_top1: 0.999 | avg_top10: 0.904 | avg_top100: 0.904 | avg_sa: 2.728 | div: 0.870
20/100 | avg_top1: 0.999 | avg_top10: 0.986 | avg_top100: 0.888 | avg_sa: 2.904 | div: 0.874
30/100 | avg_top1: 0.999 | avg_top10: 0.987 | avg_top100: 0.871 | avg_sa: 2.837 | div: 0.868
40/100 | avg_top1: 0.999 | avg_top10: 0.994 | avg_top100: 0.871 | avg_sa: 2.996 | div: 0.880
50/100 | avg_top1: 0.999 | avg_top10: 0.995 | avg_top100: 0.853 | avg_sa: 3.024 | div: 0.878
60/100 | avg_top1: 0.999 | avg_top10: 0.997 | avg_top100: 0.848 | avg_sa: 3.001 | div: 0.879
70/100 | avg_top1: 0.999 | avg_top10: 0.997 | avg_top100: 0.835 | avg_sa: 3.006 | div: 0.878
80/100 | avg_top1: 0.999 | avg_top10: 0.997 | avg_top100: 0.846 | avg_sa: 3.037 | div: 0.879
90/100 | avg_top1: 0.999 | avg_top10: 0.997 | avg_top100: 0.847 | avg_sa: 3.013 | div: 0.879
100/100 | avg_top1: 0.999 | avg_top10: 0.998 | avg_top100: 0.847 | avg_sa: 3.010 | div: 0.879
Initial GP model training
Logging final results...
Saving molecules...
Running tier=small oracle=clintox algorithm=reinvent seed=0 output=oracle_benchmark_results/small/clintox/reinvent/seed_0
need to wait several minutes
need to wait several minutes
Model initialized, starting training...
10/100 | avg_top1: 0.996 | avg_top10: 0.904 | avg_top100: 0.904 | avg_sa: 2.763 | div: 0.860
20/100 | avg_top1: 0.996 | avg_top10: 0.977 | avg_top100: 0.897 | avg_sa: 2.856 | div: 0.872
30/100 | avg_top1: 0.998 | avg_top10: 0.990 | avg_top100: 0.902 | avg_sa: 3.048 | div: 0.877
40/100 | avg_top1: 1.000 | avg_top10: 0.995 | avg_top100: 0.896 | avg_sa: 3.179 | div: 0.876
50/100 | avg_top1: 1.000 | avg_top10: 0.997 | avg_top100: 0.888 | avg_sa: 3.084 | div: 0.877
60/100 | avg_top1: 1.000 | avg_top10: 0.997 | avg_top100: 0.891 | avg_sa: 3.043 | div: 0.876
70/100 | avg_top1: 1.000 | avg_top10: 0.997 | avg_top100: 0.888 | avg_sa: 3.040 | div: 0.877
80/100 | avg_top1: 1.000 | avg_top10: 0.997 | avg_top100: 0.893 | avg_sa: 3.074 | div: 0.878
90/100 | avg_top1: 1.000 | avg_top10: 0.998 | avg_top100: 0.899 | avg_sa: 3.134 | div: 0.879
100/100 | avg_top1: 1.000 | avg_top10: 0.998 | avg_top100: 0.899 | avg_sa: 3.114 | div: 0.879
max oracle hit
Logging final results...
Saving molecules...
Running tier=small oracle=clintox algorithm=reinvent_selfies seed=0 output=oracle_benchmark_results/small/clintox/reinvent_selfies/seed_0
need to wait several minutes
need to wait several minutes
Model initialized, starting training...
10/100 | avg_top1: 0.991 | avg_top10: 0.863 | avg_top100: 0.863 | avg_sa: 3.239 | div: 0.888
20/100 | avg_top1: 0.998 | avg_top10: 0.954 | avg_top100: 0.847 | avg_sa: 3.257 | div: 0.881
30/100 | avg_top1: 0.998 | avg_top10: 0.978 | avg_top100: 0.862 | avg_sa: 3.248 | div: 0.880
40/100 | avg_top1: 1.000 | avg_top10: 0.991 | avg_top100: 0.865 | avg_sa: 3.351 | div: 0.885
50/100 | avg_top1: 1.000 | avg_top10: 0.993 | avg_top100: 0.860 | avg_sa: 3.514 | div: 0.888
60/100 | avg_top1: 1.000 | avg_top10: 0.993 | avg_top100: 0.858 | avg_sa: 3.518 | div: 0.890
70/100 | avg_top1: 1.000 | avg_top10: 0.995 | avg_top100: 0.850 | avg_sa: 3.444 | div: 0.888
80/100 | avg_top1: 1.000 | avg_top10: 0.996 | avg_top100: 0.847 | avg_sa: 3.484 | div: 0.886
90/100 | avg_top1: 1.000 | avg_top10: 0.996 | avg_top100: 0.854 | avg_sa: 3.450 | div: 0.886
100/100 | avg_top1: 1.000 | avg_top10: 0.996 | avg_top100: 0.852 | avg_sa: 3.427 | div: 0.886
max oracle hit
Logging final results...
Saving molecules...
Running tier=small oracle=clintox algorithm=mimosa seed=0 output=oracle_benchmark_results/small/clintox/mimosa/seed_0
10/100 | avg_top1: 0.999 | avg_top10: 0.852 | avg_top100: 0.852 | avg_sa: 3.591 | div: 0.888
20/100 | avg_top1: 0.999 | avg_top10: 0.992 | avg_top100: 0.857 | avg_sa: 3.393 | div: 0.879
30/100 | avg_top1: 0.999 | avg_top10: 0.994 | avg_top100: 0.839 | avg_sa: 3.144 | div: 0.883
40/100 | avg_top1: 0.999 | avg_top10: 0.994 | avg_top100: 0.832 | avg_sa: 2.957 | div: 0.879
50/100 | avg_top1: 0.999 | avg_top10: 0.997 | avg_top100: 0.842 | avg_sa: 2.948 | div: 0.883
60/100 | avg_top1: 0.999 | avg_top10: 0.997 | avg_top100: 0.851 | avg_sa: 2.962 | div: 0.883
70/100 | avg_top1: 0.999 | avg_top10: 0.997 | avg_top100: 0.854 | avg_sa: 3.022 | div: 0.885
80/100 | avg_top1: 0.999 | avg_top10: 0.997 | avg_top100: 0.857 | avg_sa: 2.985 | div: 0.882
90/100 | avg_top1: 0.999 | avg_top10: 0.998 | avg_top100: 0.843 | avg_sa: 3.011 | div: 0.881
100/100 | avg_top1: 0.999 | avg_top10: 0.998 | avg_top100: 0.846 | avg_sa: 3.060 | div: 0.882
warm start smiles list ['COCC[NH2+]Cc1ccco1', 'C[NH+](C)[C@H]1[C@@H](O)[C@@]2(C)CC[C@@H]1C2(C)C', 'Cc1cc(NC2CC[NH+](C)CC2)[nH+]cc1N', 'OC[C@H]1CCC[NH+](Cc2cccnc2)C1', 'CC[NH2+][C@H](C)C[C@H](C)SCc1cc(C)cc(C)c1', 'CC(=O)OC1CC[NH+](CC(C)(C)C)CC1', 'C[NH2+][C@H](Cc1ccc(F)cc1)c1ccc(SC)cc1', 'Cc1cc(C)c(C[NH2+]CCc2ccccn2)cc1C', 'Cc1ccc(S[C@@H]2CCCCC[C@@H]2C#N)cc1', 'CC[C@@H](CC1CCCC1)C(=O)N1CCN(C(=O)C[NH+](C)C)CC1', 'COC(=O)[C@@]1(C)C[C@@H](CO)[C@@H](c2cccc(F)c2)[NH2+]1', 'NC(=O)[C@@]1([NH3+])CCC[C@H]1CCSc1nc2ccccc2o1', 'Cc1cc([C@H]2CCCC[C@H]2O)ccc1F', 'CC(C)CC[NH+]1CCC(CNC(=O)N2C[C@@H]3CC[C@H]2C3)CC1', 'COc1ccc(Cl)cc1C(=O)N1CCc2nc([C@@H]3CC[NH+](C)C3)ncc2C1', 'CCC[NH+]1CC2(CC[NH+](C)CC2)C[C@@H]1C(=O)N(C)Cc1nc(C2CC2)no1', 'Cc1ccc([C@@H](C)NC(=O)C[NH+](C)C2CCS(=O)(=O)CC2)cc1C', 'C[C@H](c1nccs1)[NH+](C)C1CCN(C(=O)OC(C)(C)C)CC1', 'O=C(Oc1cc(F)ccc1[N+](=O)[O-])c1occc1Br', 'Cc1ccsc1C(=O)OCCc1cccnc1', 'COC(=O)c1ccc2[nH]c(-c3cccc(Cl)c3)nc2c1', 'Cc1ccc(-c2nc(N)c3c(C)c(C)sc3n2)cc1', 'COc1ccc([C@@H](CNC(=O)c2nccnc2-c2nc3ccccc3s2)[NH+]2CCCC2)cc1', 'Cc1cc(C(=O)NCCCOc2ccccc2)no1', 'COc1ccc(NC(=O)c2cccc(OC)c2)cc1', 'CC(C)N(CCCC(=O)[O-])C(=O)N[C@@H]1CCCC1(C)C', 'CCN(C)C(=O)c1ccc(OC)c(S(=O)(=O)N2CCCc3ccccc32)c1', 'Nc1ccc(SC[C@@H]2CCCO2)nc1', 'CCC1CCC2(CC1)CNc1c[nH+]ccc1N2', 'CC(=O)Nc1ccc(Cl)cc1[C@@H](O)c1ccccc1', 'CC[NH2+][C@H](Cc1cccc(Cl)c1)[C@@H]1CN(C(C)C)CCO1', 'Cc1cc(Br)ccc1SCC(=O)N1CCC(C(=O)c2ccc3c(c2)OCCO3)CC1', 'N#Cc1cccc(OS(=O)(=O)c2ccc([N+](=O)[O-])cc2F)c1', 'COC(=O)c1sc(NC(=O)Cn2cc(C(F)(F)F)ccc2=O)nc1C', 'COc1ccc(OC)c(S(=O)(=O)n2cc3c(=O)n(C)c(=O)n(C)c3n2)c1', 'C[C@H]1CC[C@@H](n2c(N)nc3c[nH+]ccc32)[C@H](C)C1', 'CCN1C=Cc2ccccc2/C1=C\\C1=C/C(=C/c2sc3ccc(C)cc3[n+]2CC)CC(C)(C)C1', 'Cc1nc(-c2cccnc2)sc1[C@H](C)[NH2+][C@@H](C)[C@H](O)Cc1ccccc1', 'O=C(Cc1noc(-c2cscn2)n1)Nc1ccc2c(c1)OCCO2', 'C=C=CO[C@@H]1[C@H]([C@@H]2COC(C)(C)O2)O[C@@H]2OC(C)(C)O[C@@H]21', 'Cc1ccc(N)cc1S[C@@H](C)C(=O)NC(N)=O', 'O=C(CN1N[C@H](C(=O)[O-])c2ccccc2C1=O)C1=c2ccccc2=[NH+][C@H]1c1ccccc1', 'CCc1cccc(C)c1NC(=O)c1cccc(C)c1[N+](=O)[O-]', 'Cc1ccc(NC(=O)[C@H](C)[S@](=O)Cc2nc(C)c(C)s2)cc1F', 'Cc1nn(C)cc1C[NH2+]C[C@@]1(O)CCCN(CC2CCCCC2)C1=O', 'Cn1nccc1CSCc1coc(-c2ccccc2)n1', 'O=C([O-])c1ccccc1[C@@H]1SCC(=O)N1NC(=S)Nc1ccccc1', 'Cc1c(C(=O)N(C)Cc2ccccc2C(F)(F)F)[nH]c2c1C(=O)CCC2', 'Cc1cc(C(=O)NCc2ccccn2)sc1C#CCCO', 'CC(C)C(=O)NC[C@H]1CCCN(C(=O)Cc2ccc[nH]2)C1']
Generated molecules: 1051
max oracle hit, abort ...... 
Logging final results...
Saving molecules...
Running tier=small oracle=clintox algorithm=selfies_ga seed=0 output=oracle_benchmark_results/small/clintox/selfies_ga/seed_0
10/100 | avg_top1: 1.000 | avg_top10: 0.927 | avg_top100: 0.927 | avg_sa: 5.205 | div: 0.970
20/100 | avg_top1: 1.000 | avg_top10: 0.995 | avg_top100: 0.948 | avg_sa: 4.454 | div: 0.960
30/100 | avg_top1: 1.000 | avg_top10: 0.999 | avg_top100: 0.959 | avg_sa: 4.206 | div: 0.951
40/100 | avg_top1: 1.000 | avg_top10: 1.000 | avg_top100: 0.961 | avg_sa: 4.214 | div: 0.951
50/100 | avg_top1: 1.000 | avg_top10: 1.000 | avg_top100: 0.966 | avg_sa: 4.146 | div: 0.947
60/100 | avg_top1: 1.000 | avg_top10: 1.000 | avg_top100: 0.959 | avg_sa: 4.210 | div: 0.948
70/100 | avg_top1: 1.000 | avg_top10: 1.000 | avg_top100: 0.963 | avg_sa: 4.128 | div: 0.943
80/100 | avg_top1: 1.000 | avg_top10: 1.000 | avg_top100: 0.961 | avg_sa: 4.084 | div: 0.945
90/100 | avg_top1: 1.000 | avg_top10: 1.000 | avg_top100: 0.964 | avg_sa: 4.068 | div: 0.943
100/100 | avg_top1: 1.000 | avg_top10: 1.000 | avg_top100: 0.964 | avg_sa: 4.072 | div: 0.940
Logging final results...
Saving molecules...
Benchmark config: benchmark_configs/small_admet_clintox_all_algorithms.yaml
Command:
/users/PCON0041/mey200/.conda/envs/molopt-liddia/bin/python run_molopt_oracle_tests.py --tier small --smi-file benchmark_inputs/zinc_sanity_1k.smi --output-root oracle_benchmark_results --n-jobs 1 --oracles clintox --algorithms available --skip-existing --continue-on-error
