Tier config: {'max_oracle_calls': 100, 'seeds': [0], 'freq_log': 10, 'patience': 5}
Selected oracles: mutagenicity
Selected algorithms: graph_ga, screening, smiles_ga, stoned, graph_mcts, moldqn, gpbo, reinvent, reinvent_selfies, mimosa, selfies_ga
Running tier=small oracle=mutagenicity algorithm=graph_ga seed=0 output=oracle_benchmark_results/small/mutagenicity/graph_ga/seed_0
10/100 | avg_top1: 0.985 | avg_top10: 0.705 | avg_top100: 0.705 | avg_sa: 3.235 | div: 0.881
20/100 | avg_top1: 0.985 | avg_top10: 0.859 | avg_top100: 0.701 | avg_sa: 3.164 | div: 0.885
30/100 | avg_top1: 0.985 | avg_top10: 0.914 | avg_top100: 0.684 | avg_sa: 3.225 | div: 0.878
40/100 | avg_top1: 0.985 | avg_top10: 0.938 | avg_top100: 0.668 | avg_sa: 3.113 | div: 0.874
50/100 | avg_top1: 0.985 | avg_top10: 0.960 | avg_top100: 0.684 | avg_sa: 2.971 | div: 0.873
60/100 | avg_top1: 0.985 | avg_top10: 0.961 | avg_top100: 0.700 | avg_sa: 2.993 | div: 0.870
70/100 | avg_top1: 0.985 | avg_top10: 0.962 | avg_top100: 0.693 | avg_sa: 3.012 | div: 0.870
80/100 | avg_top1: 0.985 | avg_top10: 0.962 | avg_top100: 0.669 | avg_sa: 2.988 | div: 0.872
90/100 | avg_top1: 0.989 | avg_top10: 0.967 | avg_top100: 0.668 | avg_sa: 3.006 | div: 0.873
100/100 | avg_top1: 0.990 | avg_top10: 0.972 | avg_top100: 0.683 | avg_sa: 2.975 | div: 0.870
Logging final results...
Saving molecules...
Running tier=small oracle=mutagenicity algorithm=screening seed=0 output=oracle_benchmark_results/small/mutagenicity/screening/seed_0
10/100 | avg_top1: 0.955 | avg_top10: 0.789 | avg_top100: 0.789 | avg_sa: 2.807 | div: 0.874
20/100 | avg_top1: 0.977 | avg_top10: 0.886 | avg_top100: 0.710 | avg_sa: 2.815 | div: 0.869
30/100 | avg_top1: 0.977 | avg_top10: 0.906 | avg_top100: 0.693 | avg_sa: 2.743 | div: 0.869
40/100 | avg_top1: 0.977 | avg_top10: 0.925 | avg_top100: 0.688 | avg_sa: 2.711 | div: 0.869
50/100 | avg_top1: 0.977 | avg_top10: 0.953 | avg_top100: 0.681 | avg_sa: 2.691 | div: 0.869
60/100 | avg_top1: 0.977 | avg_top10: 0.962 | avg_top100: 0.669 | avg_sa: 2.811 | div: 0.872
70/100 | avg_top1: 0.979 | avg_top10: 0.966 | avg_top100: 0.667 | avg_sa: 2.833 | div: 0.874
80/100 | avg_top1: 0.979 | avg_top10: 0.966 | avg_top100: 0.676 | avg_sa: 2.839 | div: 0.873
90/100 | avg_top1: 0.979 | avg_top10: 0.966 | avg_top100: 0.684 | avg_sa: 2.822 | div: 0.871
100/100 | avg_top1: 0.979 | avg_top10: 0.966 | avg_top100: 0.689 | avg_sa: 2.862 | div: 0.872
Logging final results...
Saving molecules...
Running tier=small oracle=mutagenicity algorithm=smiles_ga seed=0 output=oracle_benchmark_results/small/mutagenicity/smiles_ga/seed_0
10/100 | avg_top1: 0.985 | avg_top10: 0.705 | avg_top100: 0.705 | avg_sa: 3.235 | div: 0.881
20/100 | avg_top1: 0.985 | avg_top10: 0.859 | avg_top100: 0.701 | avg_sa: 3.164 | div: 0.885
30/100 | avg_top1: 0.985 | avg_top10: 0.914 | avg_top100: 0.684 | avg_sa: 3.225 | div: 0.878
40/100 | avg_top1: 0.985 | avg_top10: 0.938 | avg_top100: 0.668 | avg_sa: 3.113 | div: 0.874
50/100 | avg_top1: 0.985 | avg_top10: 0.960 | avg_top100: 0.684 | avg_sa: 2.971 | div: 0.873
60/100 | avg_top1: 0.985 | avg_top10: 0.964 | avg_top100: 0.675 | avg_sa: 3.106 | div: 0.872
70/100 | avg_top1: 0.985 | avg_top10: 0.964 | avg_top100: 0.677 | avg_sa: 3.212 | div: 0.870
80/100 | avg_top1: 0.985 | avg_top10: 0.964 | avg_top100: 0.666 | avg_sa: 3.280 | div: 0.870
90/100 | avg_top1: 0.985 | avg_top10: 0.967 | avg_top100: 0.685 | avg_sa: 3.347 | div: 0.871
100/100 | avg_top1: 0.987 | avg_top10: 0.974 | avg_top100: 0.697 | avg_sa: 3.476 | div: 0.874
Logging final results...
Saving molecules...
Running tier=small oracle=mutagenicity algorithm=stoned seed=0 output=oracle_benchmark_results/small/mutagenicity/stoned/seed_0
10/100 | avg_top1: 0.906 | avg_top10: 0.665 | avg_top100: 0.665 | avg_sa: 2.809 | div: 0.859
20/100 | avg_top1: 0.965 | avg_top10: 0.844 | avg_top100: 0.697 | avg_sa: 2.894 | div: 0.869
30/100 | avg_top1: 0.965 | avg_top10: 0.901 | avg_top100: 0.706 | avg_sa: 2.956 | div: 0.874
40/100 | avg_top1: 0.983 | avg_top10: 0.930 | avg_top100: 0.736 | avg_sa: 3.102 | div: 0.878
50/100 | avg_top1: 0.983 | avg_top10: 0.945 | avg_top100: 0.733 | avg_sa: 3.019 | div: 0.877
60/100 | avg_top1: 0.983 | avg_top10: 0.952 | avg_top100: 0.734 | avg_sa: 2.964 | div: 0.876
70/100 | avg_top1: 0.985 | avg_top10: 0.959 | avg_top100: 0.735 | avg_sa: 2.942 | div: 0.877
80/100 | avg_top1: 0.985 | avg_top10: 0.965 | avg_top100: 0.742 | avg_sa: 2.969 | div: 0.878
90/100 | avg_top1: 0.985 | avg_top10: 0.968 | avg_top100: 0.751 | avg_sa: 2.982 | div: 0.876
100/100 | avg_top1: 0.985 | avg_top10: 0.972 | avg_top100: 0.750 | avg_sa: 2.965 | div: 0.876
max oracle hit, abort ...... 
Logging final results...
Saving molecules...
Running tier=small oracle=mutagenicity algorithm=graph_mcts seed=0 output=oracle_benchmark_results/small/mutagenicity/graph_mcts/seed_0
10/100 | avg_top1: 0.999 | avg_top10: 0.797 | avg_top100: 0.797 | avg_sa: 2.806 | div: 0.898
20/100 | avg_top1: 0.999 | avg_top10: 0.920 | avg_top100: 0.691 | avg_sa: 3.451 | div: 0.876
30/100 | avg_top1: 0.999 | avg_top10: 0.940 | avg_top100: 0.693 | avg_sa: 3.588 | div: 0.866
40/100 | avg_top1: 0.999 | avg_top10: 0.940 | avg_top100: 0.584 | avg_sa: 3.521 | div: 0.895
50/100 | avg_top1: 0.999 | avg_top10: 0.953 | avg_top100: 0.568 | avg_sa: 3.500 | div: 0.895
60/100 | avg_top1: 0.999 | avg_top10: 0.969 | avg_top100: 0.561 | avg_sa: 3.384 | div: 0.893
70/100 | avg_top1: 0.999 | avg_top10: 0.969 | avg_top100: 0.554 | avg_sa: 3.368 | div: 0.896
80/100 | avg_top1: 0.999 | avg_top10: 0.969 | avg_top100: 0.580 | avg_sa: 3.278 | div: 0.895
90/100 | avg_top1: 0.999 | avg_top10: 0.969 | avg_top100: 0.592 | avg_sa: 3.227 | div: 0.894
100/100 | avg_top1: 0.999 | avg_top10: 0.969 | avg_top100: 0.555 | avg_sa: 3.161 | div: 0.894
Logging final results...
Saving molecules...
Running tier=small oracle=mutagenicity algorithm=moldqn seed=0 output=oracle_benchmark_results/small/mutagenicity/moldqn/seed_0
Using Device: cuda:0
Print Q function architecture:
MultiLayerNetwork(
  (dense): Sequential(
    (dense_1): Linear(in_features=1025, out_features=512, bias=True)
    (ReLU_1): ReLU()
    (Dropout_1): Dropout(p=0, inplace=False)
    (dense_2): NoisyLinear()
  )
)
10/100 | avg_top1: 0.973 | avg_top10: 0.456 | avg_top100: 0.456 | avg_sa: 4.199 | div: 0.903
20/100 | avg_top1: 0.973 | avg_top10: 0.596 | avg_top100: 0.342 | avg_sa: 4.476 | div: 0.911
30/100 | avg_top1: 0.973 | avg_top10: 0.597 | avg_top100: 0.246 | avg_sa: 4.862 | div: 0.875
40/100 | avg_top1: 0.973 | avg_top10: 0.656 | avg_top100: 0.210 | avg_sa: 4.975 | div: 0.878
50/100 | avg_top1: 0.973 | avg_top10: 0.656 | avg_top100: 0.175 | avg_sa: 4.690 | div: 0.889
60/100 | avg_top1: 0.999 | avg_top10: 0.763 | avg_top100: 0.192 | avg_sa: 4.510 | div: 0.902
70/100 | avg_top1: 0.999 | avg_top10: 0.802 | avg_top100: 0.196 | avg_sa: 4.527 | div: 0.912
80/100 | avg_top1: 0.999 | avg_top10: 0.862 | avg_top100: 0.196 | avg_sa: 4.519 | div: 0.918
90/100 | avg_top1: 0.999 | avg_top10: 0.862 | avg_top100: 0.183 | avg_sa: 4.498 | div: 0.920
100/100 | avg_top1: 0.999 | avg_top10: 0.862 | avg_top100: 0.174 | avg_sa: 4.515 | div: 0.926
max oracle hit... abort!
Logging final results...
Saving molecules...
Running tier=small oracle=mutagenicity algorithm=gpbo seed=0 output=oracle_benchmark_results/small/mutagenicity/gpbo/seed_0
10/100 | avg_top1: 0.887 | avg_top10: 0.643 | avg_top100: 0.643 | avg_sa: 3.076 | div: 0.870
20/100 | avg_top1: 0.978 | avg_top10: 0.870 | avg_top100: 0.709 | avg_sa: 2.964 | div: 0.869
30/100 | avg_top1: 0.985 | avg_top10: 0.900 | avg_top100: 0.701 | avg_sa: 3.114 | div: 0.870
40/100 | avg_top1: 0.985 | avg_top10: 0.909 | avg_top100: 0.716 | avg_sa: 3.031 | div: 0.872
50/100 | avg_top1: 0.985 | avg_top10: 0.949 | avg_top100: 0.737 | avg_sa: 2.940 | div: 0.876
60/100 | avg_top1: 0.987 | avg_top10: 0.960 | avg_top100: 0.737 | avg_sa: 3.028 | div: 0.877
70/100 | avg_top1: 0.987 | avg_top10: 0.966 | avg_top100: 0.726 | avg_sa: 2.997 | div: 0.879
80/100 | avg_top1: 0.987 | avg_top10: 0.974 | avg_top100: 0.727 | avg_sa: 3.018 | div: 0.876
90/100 | avg_top1: 0.987 | avg_top10: 0.975 | avg_top100: 0.737 | avg_sa: 3.054 | div: 0.877
100/100 | avg_top1: 0.987 | avg_top10: 0.975 | avg_top100: 0.727 | avg_sa: 3.026 | div: 0.876
Initial GP model training
Logging final results...
Saving molecules...
Running tier=small oracle=mutagenicity algorithm=reinvent seed=0 output=oracle_benchmark_results/small/mutagenicity/reinvent/seed_0
need to wait several minutes
need to wait several minutes
Model initialized, starting training...
10/100 | avg_top1: 0.955 | avg_top10: 0.651 | avg_top100: 0.651 | avg_sa: 2.763 | div: 0.860
20/100 | avg_top1: 0.978 | avg_top10: 0.901 | avg_top100: 0.699 | avg_sa: 2.856 | div: 0.872
30/100 | avg_top1: 0.983 | avg_top10: 0.955 | avg_top100: 0.736 | avg_sa: 3.048 | div: 0.877
40/100 | avg_top1: 0.983 | avg_top10: 0.960 | avg_top100: 0.712 | avg_sa: 3.179 | div: 0.876
50/100 | avg_top1: 0.998 | avg_top10: 0.967 | avg_top100: 0.696 | avg_sa: 3.084 | div: 0.877
60/100 | avg_top1: 0.998 | avg_top10: 0.967 | avg_top100: 0.676 | avg_sa: 3.043 | div: 0.876
70/100 | avg_top1: 0.998 | avg_top10: 0.974 | avg_top100: 0.690 | avg_sa: 3.049 | div: 0.875
80/100 | avg_top1: 0.998 | avg_top10: 0.976 | avg_top100: 0.687 | avg_sa: 3.052 | div: 0.877
90/100 | avg_top1: 0.998 | avg_top10: 0.977 | avg_top100: 0.691 | avg_sa: 3.121 | div: 0.876
100/100 | avg_top1: 0.998 | avg_top10: 0.979 | avg_top100: 0.692 | avg_sa: 3.125 | div: 0.876
max oracle hit
Logging final results...
Saving molecules...
Running tier=small oracle=mutagenicity algorithm=reinvent_selfies seed=0 output=oracle_benchmark_results/small/mutagenicity/reinvent_selfies/seed_0
need to wait several minutes
need to wait several minutes
Model initialized, starting training...
10/100 | avg_top1: 0.912 | avg_top10: 0.496 | avg_top100: 0.496 | avg_sa: 3.239 | div: 0.888
20/100 | avg_top1: 0.980 | avg_top10: 0.762 | avg_top100: 0.507 | avg_sa: 3.257 | div: 0.881
30/100 | avg_top1: 0.989 | avg_top10: 0.895 | avg_top100: 0.580 | avg_sa: 3.248 | div: 0.880
40/100 | avg_top1: 0.999 | avg_top10: 0.944 | avg_top100: 0.607 | avg_sa: 3.351 | div: 0.885
50/100 | avg_top1: 0.999 | avg_top10: 0.954 | avg_top100: 0.619 | avg_sa: 3.514 | div: 0.888
60/100 | avg_top1: 0.999 | avg_top10: 0.954 | avg_top100: 0.620 | avg_sa: 3.518 | div: 0.890
70/100 | avg_top1: 0.999 | avg_top10: 0.956 | avg_top100: 0.616 | avg_sa: 3.445 | div: 0.888
80/100 | avg_top1: 0.999 | avg_top10: 0.960 | avg_top100: 0.635 | avg_sa: 3.458 | div: 0.887
90/100 | avg_top1: 0.999 | avg_top10: 0.967 | avg_top100: 0.640 | avg_sa: 3.459 | div: 0.887
100/100 | avg_top1: 0.999 | avg_top10: 0.967 | avg_top100: 0.626 | avg_sa: 3.445 | div: 0.887
max oracle hit
Logging final results...
Saving molecules...
Running tier=small oracle=mutagenicity algorithm=mimosa seed=0 output=oracle_benchmark_results/small/mutagenicity/mimosa/seed_0
10/100 | avg_top1: 0.987 | avg_top10: 0.803 | avg_top100: 0.803 | avg_sa: 3.591 | div: 0.888
20/100 | avg_top1: 0.987 | avg_top10: 0.915 | avg_top100: 0.777 | avg_sa: 3.393 | div: 0.879
30/100 | avg_top1: 0.987 | avg_top10: 0.932 | avg_top100: 0.753 | avg_sa: 3.144 | div: 0.883
40/100 | avg_top1: 0.987 | avg_top10: 0.940 | avg_top100: 0.733 | avg_sa: 2.957 | div: 0.879
50/100 | avg_top1: 0.987 | avg_top10: 0.949 | avg_top100: 0.735 | avg_sa: 2.948 | div: 0.883
60/100 | avg_top1: 0.987 | avg_top10: 0.955 | avg_top100: 0.734 | avg_sa: 2.962 | div: 0.883
70/100 | avg_top1: 0.987 | avg_top10: 0.959 | avg_top100: 0.731 | avg_sa: 3.022 | div: 0.885
80/100 | avg_top1: 0.987 | avg_top10: 0.961 | avg_top100: 0.735 | avg_sa: 2.985 | div: 0.882
90/100 | avg_top1: 0.989 | avg_top10: 0.966 | avg_top100: 0.732 | avg_sa: 3.011 | div: 0.881
100/100 | avg_top1: 0.989 | avg_top10: 0.973 | avg_top100: 0.734 | avg_sa: 3.060 | div: 0.882
warm start smiles list ['OC[C@H]1CCC[NH+](Cc2cccnc2)C1', 'C[NH+](C)[C@H]1[C@@H](O)[C@@]2(C)CC[C@@H]1C2(C)C', 'CC(C)CC[NH+]1CCC(CNC(=O)N2C[C@@H]3CC[C@H]2C3)CC1', 'CC(C)C(=O)NC[C@H]1CCCN(C(=O)Cc2ccc[nH]2)C1', 'CC[NH2+][C@H](C)C[C@H](C)SCc1cc(C)cc(C)c1', 'Cc1cc(Br)ccc1SCC(=O)N1CCC(C(=O)c2ccc3c(c2)OCCO3)CC1', 'CC[C@@H](CC1CCCC1)C(=O)N1CCN(C(=O)C[NH+](C)C)CC1', 'C[C@H](c1nccs1)[NH+](C)C1CCN(C(=O)OC(C)(C)C)CC1', 'CCC[NH+]1CC2(CC[NH+](C)CC2)C[C@@H]1C(=O)N(C)Cc1nc(C2CC2)no1', 'CC(=O)OC1CC[NH+](CC(C)(C)C)CC1', 'O=C(CCC(=O)N1CCC[C@H](c2ccn[nH]2)C1)c1ccccc1', 'O=C(CC(C1CC1)C1CC1)N1CCN([C@@H]2CCC[C@H]2O)CC1', 'Cc1ccc(S[C@@H]2CCCCC[C@@H]2C#N)cc1', 'CCS(=O)(=O)c1ccccc1C(=O)N1CCC[C@H](C)C1', 'COc1ccc(Cl)cc1C(=O)N1CCc2nc([C@@H]3CC[NH+](C)C3)ncc2C1', 'CCCN1C(=O)CCc2cc(NC(=O)N3CCN(C(=O)CC)CC3)ccc21', 'Cc1ccsc1C(=O)OCCc1cccnc1', 'Cc1nn(C)cc1C[NH2+]C[C@@]1(O)CCCN(CC2CCCCC2)C1=O', 'Cc1cc(C)c(C[NH2+]CCc2ccccn2)cc1C', 'COCC[NH2+]Cc1ccco1', 'C[C@@H](Oc1ccccc1C(=O)N1CCCCC1)C(=O)NCCc1ccccc1', 'CCNC(=O)NC(=O)[C@H](C)Nc1ccc2c(c1)CCN2C(C)=O', 'Cc1cc(NC2CC[NH+](C)CC2)[nH+]cc1N', 'CCC[C@](C)(CO)NC(=O)NCc1ccc2c(c1)OCCO2', 'C[NH2+][C@H](Cc1ccc(F)cc1)c1ccc(SC)cc1', 'COc1ccc(C(=O)N[C@@H]2CCCC[C@H]2NC(=O)[C@H]2CCCN(C(=O)c3ccccc3)C2)cc1', 'CCc1cc2c(S[C@@H](C)C(=O)NC(=O)NC)ncnc2s1', 'Cn1ccs/c1=N\\C(=O)C1CCN(S(=O)(=O)c2cc(Cl)ccc2Cl)CC1', 'O=C(CS[C@H](c1ccccc1)c1ccc(Cl)cc1)Nc1cccnc1', 'CCN(C)C(=O)c1ccc(OC)c(S(=O)(=O)N2CCCc3ccccc32)c1', 'Cc1nc(-c2cccnc2)sc1[C@H](C)[NH2+][C@@H](C)[C@H](O)Cc1ccccc1', 'COc1ccc([C@@H](CNC(=O)c2nccnc2-c2nc3ccccc3s2)[NH+]2CCCC2)cc1', 'COC(=O)c1sc(NC(=O)Cn2cc(C(F)(F)F)ccc2=O)nc1C', 'Cc1ccc(NC(=O)[C@H](C)[S@](=O)Cc2nc(C)c(C)s2)cc1F', 'CS(=O)(=O)Cc1noc(C2(c3ccccc3)CCCC2)n1', 'NC(=O)[C@@]1([NH3+])CCC[C@H]1CCSc1nc2ccccc2o1', 'CC(=O)Nc1ccc(Cl)cc1[C@@H](O)c1ccccc1', 'C=CCN(Cc1ccc(OC)cc1)C(=O)c1cnn(-c2ccncc2)c1C', 'C[C@@](O)(CNC(=O)N[C@@H](c1ccccc1)C1CCCC1)CN1CCOCC1', 'O=C(CN1N[C@H](C(=O)[O-])c2ccccc2C1=O)C1=c2ccccc2=[NH+][C@H]1c1ccccc1', 'COC(=O)[C@@]1(C)C[C@@H](CO)[C@@H](c2cccc(F)c2)[NH2+]1', 'O=C(NCc1cc2c(s1)CCCCC2)N1CC[C@@H](CCO)C1', 'Cc1ccc([C@@H](C)NC(=O)C[NH+](C)C2CCS(=O)(=O)CC2)cc1C', 'Cc1nc(N2CCC([C@]3(Cc4ccc(F)cc4)NC(=O)NC3=O)CC2)c(C)c[nH+]1', 'COc1ccc(OC)c(S(=O)(=O)n2cc3c(=O)n(C)c(=O)n(C)c3n2)c1', 'CCc1onc(C)c1NC(=O)N(C)[C@H]1C[C@](C)(OC)C1(C)C', 'COc1ccccc1N1C(=O)CS[C@@H]1c1ccccc1NC(=O)CCC1CCCC1', 'CC(C)N(CCCC(=O)[O-])C(=O)N[C@@H]1CCCC1(C)C', 'Cc1cccc(OC[C@H](O)CNC(=O)Cn2c(=O)cnc3ccccc32)c1', 'Cc1c(C(=O)N(C)Cc2ccccc2C(F)(F)F)[nH]c2c1C(=O)CCC2']
Generated molecules: 1151
max oracle hit, abort ...... 
Logging final results...
Saving molecules...
Running tier=small oracle=mutagenicity algorithm=selfies_ga seed=0 output=oracle_benchmark_results/small/mutagenicity/selfies_ga/seed_0
10/100 | avg_top1: 0.999 | avg_top10: 0.581 | avg_top100: 0.581 | avg_sa: 5.205 | div: 0.970
20/100 | avg_top1: 0.999 | avg_top10: 0.703 | avg_top100: 0.507 | avg_sa: 4.606 | div: 0.965
30/100 | avg_top1: 0.999 | avg_top10: 0.851 | avg_top100: 0.562 | avg_sa: 4.209 | div: 0.950
40/100 | avg_top1: 0.999 | avg_top10: 0.956 | avg_top100: 0.565 | avg_sa: 4.215 | div: 0.944
50/100 | avg_top1: 0.999 | avg_top10: 0.971 | avg_top100: 0.577 | avg_sa: 4.247 | div: 0.946
60/100 | avg_top1: 0.999 | avg_top10: 0.971 | avg_top100: 0.546 | avg_sa: 4.270 | div: 0.947
70/100 | avg_top1: 0.999 | avg_top10: 0.979 | avg_top100: 0.562 | avg_sa: 4.199 | div: 0.943
80/100 | avg_top1: 0.999 | avg_top10: 0.986 | avg_top100: 0.568 | avg_sa: 4.173 | div: 0.942
90/100 | avg_top1: 0.999 | avg_top10: 0.987 | avg_top100: 0.571 | avg_sa: 4.146 | div: 0.944
100/100 | avg_top1: 0.999 | avg_top10: 0.987 | avg_top100: 0.570 | avg_sa: 4.106 | div: 0.943
Logging final results...
Saving molecules...
Benchmark config: benchmark_configs/small_admet_mutagenicity_all_algorithms.yaml
Command:
/users/PCON0041/mey200/.conda/envs/molopt-liddia/bin/python run_molopt_oracle_tests.py --tier small --smi-file benchmark_inputs/zinc_sanity_1k.smi --output-root oracle_benchmark_results --n-jobs 1 --oracles mutagenicity --algorithms available --skip-existing --continue-on-error
