Tier config: {'max_oracle_calls': 100, 'seeds': [0], 'freq_log': 10, 'patience': 5}
Selected oracles: dili
Selected algorithms: reinvent, reinvent_selfies, mimosa, selfies_ga
Running tier=small oracle=dili algorithm=reinvent seed=0 output=oracle_benchmark_results/small/dili/reinvent/seed_0
need to wait several minutes
need to wait several minutes
Model initialized, starting training...
10/100 | avg_top1: 0.864 | avg_top10: 0.345 | avg_top100: 0.345 | avg_sa: 2.763 | div: 0.860
20/100 | avg_top1: 0.991 | avg_top10: 0.621 | avg_top100: 0.347 | avg_sa: 2.856 | div: 0.872
30/100 | avg_top1: 0.997 | avg_top10: 0.838 | avg_top100: 0.404 | avg_sa: 3.048 | div: 0.877
40/100 | avg_top1: 0.997 | avg_top10: 0.939 | avg_top100: 0.423 | avg_sa: 3.179 | div: 0.876
50/100 | avg_top1: 0.999 | avg_top10: 0.953 | avg_top100: 0.412 | avg_sa: 3.084 | div: 0.877
60/100 | avg_top1: 0.999 | avg_top10: 0.961 | avg_top100: 0.402 | avg_sa: 3.043 | div: 0.876
70/100 | avg_top1: 0.999 | avg_top10: 0.980 | avg_top100: 0.415 | avg_sa: 3.076 | div: 0.879
80/100 | avg_top1: 0.999 | avg_top10: 0.986 | avg_top100: 0.433 | avg_sa: 3.108 | div: 0.878
90/100 | avg_top1: 0.999 | avg_top10: 0.991 | avg_top100: 0.462 | avg_sa: 3.186 | div: 0.878
100/100 | avg_top1: 0.999 | avg_top10: 0.993 | avg_top100: 0.464 | avg_sa: 3.186 | div: 0.877
max oracle hit
Logging final results...
Saving molecules...
Running tier=small oracle=dili algorithm=reinvent_selfies seed=0 output=oracle_benchmark_results/small/dili/reinvent_selfies/seed_0
need to wait several minutes
need to wait several minutes
Model initialized, starting training...
10/100 | avg_top1: 0.847 | avg_top10: 0.464 | avg_top100: 0.464 | avg_sa: 3.239 | div: 0.888
20/100 | avg_top1: 0.999 | avg_top10: 0.672 | avg_top100: 0.434 | avg_sa: 3.257 | div: 0.881
30/100 | avg_top1: 0.999 | avg_top10: 0.778 | avg_top100: 0.443 | avg_sa: 3.248 | div: 0.880
40/100 | avg_top1: 0.999 | avg_top10: 0.863 | avg_top100: 0.466 | avg_sa: 3.351 | div: 0.885
50/100 | avg_top1: 0.999 | avg_top10: 0.944 | avg_top100: 0.517 | avg_sa: 3.514 | div: 0.888
60/100 | avg_top1: 0.999 | avg_top10: 0.950 | avg_top100: 0.503 | avg_sa: 3.518 | div: 0.890
70/100 | avg_top1: 0.999 | avg_top10: 0.950 | avg_top100: 0.500 | avg_sa: 3.465 | div: 0.889
80/100 | avg_top1: 0.999 | avg_top10: 0.976 | avg_top100: 0.509 | avg_sa: 3.477 | div: 0.886
90/100 | avg_top1: 0.999 | avg_top10: 0.976 | avg_top100: 0.508 | avg_sa: 3.469 | div: 0.886
100/100 | avg_top1: 0.999 | avg_top10: 0.976 | avg_top100: 0.496 | avg_sa: 3.437 | div: 0.886
max oracle hit
Logging final results...
Saving molecules...
Running tier=small oracle=dili algorithm=mimosa seed=0 output=oracle_benchmark_results/small/dili/mimosa/seed_0
10/100 | avg_top1: 0.996 | avg_top10: 0.707 | avg_top100: 0.707 | avg_sa: 3.591 | div: 0.888
20/100 | avg_top1: 0.996 | avg_top10: 0.882 | avg_top100: 0.545 | avg_sa: 3.393 | div: 0.879
30/100 | avg_top1: 0.996 | avg_top10: 0.927 | avg_top100: 0.519 | avg_sa: 3.144 | div: 0.883
40/100 | avg_top1: 0.996 | avg_top10: 0.941 | avg_top100: 0.444 | avg_sa: 2.957 | div: 0.879
50/100 | avg_top1: 0.996 | avg_top10: 0.966 | avg_top100: 0.448 | avg_sa: 2.948 | div: 0.883
60/100 | avg_top1: 0.996 | avg_top10: 0.978 | avg_top100: 0.448 | avg_sa: 2.962 | div: 0.883
70/100 | avg_top1: 0.996 | avg_top10: 0.982 | avg_top100: 0.440 | avg_sa: 3.022 | div: 0.885
80/100 | avg_top1: 0.996 | avg_top10: 0.982 | avg_top100: 0.428 | avg_sa: 2.985 | div: 0.882
90/100 | avg_top1: 0.999 | avg_top10: 0.988 | avg_top100: 0.431 | avg_sa: 3.011 | div: 0.881
100/100 | avg_top1: 0.999 | avg_top10: 0.992 | avg_top100: 0.461 | avg_sa: 3.060 | div: 0.882
warm start smiles list ['OC[C@H]1CCC[NH+](Cc2cccnc2)C1', 'CC(=O)OC1CC[NH+](CC(C)(C)C)CC1', 'C[NH+](C)[C@H]1[C@@H](O)[C@@]2(C)CC[C@@H]1C2(C)C', 'COCC[NH2+]Cc1ccco1', 'CC(C)CC[NH+]1CCC(CNC(=O)N2C[C@@H]3CC[C@H]2C3)CC1', 'Cc1cc(NC2CC[NH+](C)CC2)[nH+]cc1N', 'CC[NH2+][C@H](Cc1cccc(Cl)c1)[C@@H]1CN(C(C)C)CCO1', 'Cc1nn(C)cc1C[NH2+]C[C@@]1(O)CCCN(CC2CCCCC2)C1=O', 'CCC[NH+]1CC2(CC[NH+](C)CC2)C[C@@H]1C(=O)N(C)Cc1nc(C2CC2)no1', 'CC(C)C(=O)NC[C@H]1CCCN(C(=O)Cc2ccc[nH]2)C1', 'CC[NH2+][C@H](C)C[C@H](C)SCc1cc(C)cc(C)c1', 'COC(=O)[C@@]1(C)C[C@@H](CO)[C@@H](c2cccc(F)c2)[NH2+]1', 'C[C@H](c1nccs1)[NH+](C)C1CCN(C(=O)OC(C)(C)C)CC1', 'Cc1cc(C)c(C[NH2+]CCc2ccccn2)cc1C', 'C[C@@](O)(CNC(=O)N[C@@H](c1ccccc1)C1CCCC1)CN1CCOCC1', 'O=C(CC(C1CC1)C1CC1)N1CCN([C@@H]2CCC[C@H]2O)CC1', 'CC[C@@H](CC1CCCC1)C(=O)N1CCN(C(=O)C[NH+](C)C)CC1', 'Cc1cc([C@H]2CCCC[C@H]2O)ccc1F', 'C[NH2+][C@H](Cc1ccc(F)cc1)c1ccc(SC)cc1', 'Cc1cc(C)cc(C[C@@H](C)NC(=O)N(C)CCN2CCOCC2)c1', 'CCC1CCC2(CC1)CNc1c[nH+]ccc1N2', 'Cc1nc(-c2cccnc2)sc1[C@H](C)[NH2+][C@@H](C)[C@H](O)Cc1ccccc1', 'COc1ccc2c(c1)CCCN2C(=O)NC[C@H](C)N1CCOCC1', 'Cc1ccc(S[C@@H]2CCCCC[C@@H]2C#N)cc1', 'Cc1ccc([C@@H](C)NC(=O)C[NH+](C)C2CCS(=O)(=O)CC2)cc1C', 'CCc1onc(C)c1NC(=O)N(C)[C@H]1C[C@](C)(OC)C1(C)C', 'O=C(NCc1cc2c(s1)CCCCC2)N1CC[C@@H](CCO)C1', 'CC(C)N(CCCC(=O)[O-])C(=O)N[C@@H]1CCCC1(C)C', 'C[C@H](NC(=O)NCC(C)(C)C(N)=O)c1ccc(OC(F)F)cc1', 'CCC[C@](C)(CO)NC(=O)NCc1ccc2c(c1)OCCO2', 'CCS(=O)(=O)c1ccccc1C(=O)N1CCC[C@H](C)C1', 'NC(=O)[C@@]1([NH3+])CCC[C@H]1CCSc1nc2ccccc2o1', 'CCC1(CC)CN(c2ccc(C(C)=O)cc2)C1', 'C[C@H]1CC[C@@H](n2c(N)nc3c[nH+]ccc32)[C@H](C)C1', 'O=C(CCC(=O)N1CCC[C@H](c2ccn[nH]2)C1)c1ccccc1', 'C=C=CO[C@@H]1[C@H]([C@@H]2COC(C)(C)O2)O[C@@H]2OC(C)(C)O[C@@H]21', 'COc1ccc(Cl)cc1C(=O)N1CCc2nc([C@@H]3CC[NH+](C)C3)ncc2C1', 'C[C@@H](Oc1ccccc1C(=O)N1CCCCC1)C(=O)NCCc1ccccc1', 'C=CCN(CC=C)C(=O)c1ccc(Br)cc1N', 'COCc1ccccc1NC(=O)CCn1ccccc1=O', 'C[C@H](c1ccccc1Cl)N(C(=O)c1cccc(OCC(N)=O)c1)C1CC1', 'Cc1nc(N2CCC([C@]3(Cc4ccc(F)cc4)NC(=O)NC3=O)CC2)c(C)c[nH+]1', 'CCn1nc(C(C)C)cc1C(=O)NC[C@@H](C)N(C)c1ccccc1', 'Cc1cc2nc(C)c(CCC(=O)NC[C@@H](c3ccccc3)N3CCOCC3)c(C)n2n1', 'Cc1c(C(=O)N(C)Cc2ccccc2C(F)(F)F)[nH]c2c1C(=O)CCC2', 'O=C(Cc1ccc(F)cc1)NCc1cc(-c2ccncc2)n(C2CCCC2)n1', 'CC(=O)NC12C[C@H]3C[C@@H](C1)CC(C(=O)Nc1ccc4ccccc4n1)(C3)C2', 'CCCN1C(=O)CCc2cc(NC(=O)N3CCN(C(=O)CC)CC3)ccc21', 'C[C@H](NC(=O)c1ccccc1CSC1=NCCS1)[C@H]1CCCO1', 'CC(=O)Nc1ccc(Cl)cc1[C@@H](O)c1ccccc1']
Generated molecules: 1271
max oracle hit, abort ...... 
Logging final results...
Saving molecules...
Running tier=small oracle=dili algorithm=selfies_ga seed=0 output=oracle_benchmark_results/small/dili/selfies_ga/seed_0
10/100 | avg_top1: 0.984 | avg_top10: 0.717 | avg_top100: 0.717 | avg_sa: 5.205 | div: 0.970
20/100 | avg_top1: 0.984 | avg_top10: 0.882 | avg_top100: 0.711 | avg_sa: 4.648 | div: 0.965
30/100 | avg_top1: 0.997 | avg_top10: 0.957 | avg_top100: 0.731 | avg_sa: 4.310 | div: 0.968
40/100 | avg_top1: 0.997 | avg_top10: 0.965 | avg_top100: 0.715 | avg_sa: 4.253 | div: 0.962
50/100 | avg_top1: 0.997 | avg_top10: 0.965 | avg_top100: 0.701 | avg_sa: 4.194 | div: 0.959
60/100 | avg_top1: 0.997 | avg_top10: 0.966 | avg_top100: 0.714 | avg_sa: 4.165 | div: 0.956
70/100 | avg_top1: 0.997 | avg_top10: 0.970 | avg_top100: 0.726 | avg_sa: 4.135 | div: 0.952
80/100 | avg_top1: 0.997 | avg_top10: 0.975 | avg_top100: 0.719 | avg_sa: 4.134 | div: 0.949
90/100 | avg_top1: 0.997 | avg_top10: 0.978 | avg_top100: 0.726 | avg_sa: 4.130 | div: 0.948
100/100 | avg_top1: 0.997 | avg_top10: 0.983 | avg_top100: 0.719 | avg_sa: 4.221 | div: 0.947
Logging final results...
Saving molecules...
Benchmark config: benchmark_configs/small_admet_dili_tail.yaml
Command:
/users/PCON0041/mey200/.conda/envs/molopt-liddia/bin/python run_molopt_oracle_tests.py --tier small --smi-file benchmark_inputs/zinc_sanity_1k.smi --output-root oracle_benchmark_results --n-jobs 1 --oracles dili --algorithms reinvent reinvent_selfies mimosa selfies_ga --continue-on-error
